<?xml version="1.0" encoding="UTF-8"?>
<testng-results ignored="0" total="1" passed="1" failed="0" skipped="0">
  <reporter-output>
  </reporter-output>
  <suite started-at="2024-08-10T12:42:24 IST" name="Default suite" finished-at="2024-08-10T12:42:52 IST" duration-ms="27919">
    <groups>
    </groups>
    <test started-at="2024-08-10T12:42:24 IST" name="Default test" finished-at="2024-08-10T12:42:52 IST" duration-ms="27919">
      <class name="WebSites.Naukri">
        <test-method is-config="true" signature="setUp()[pri:0, instance:WebSites.Naukri@1349883]" started-at="2024-08-10T12:42:24 IST" name="setUp" finished-at="2024-08-10T12:42:29 IST" duration-ms="4714" status="PASS">
          <reporter-output>
          </reporter-output>
        </test-method> <!-- setUp -->
        <test-method signature="updateProfile()[pri:0, instance:WebSites.Naukri@1349883]" started-at="2024-08-10T12:42:29 IST" name="updateProfile" finished-at="2024-08-10T12:42:51 IST" duration-ms="22112" status="PASS">
          <reporter-output>
          </reporter-output>
        </test-method> <!-- updateProfile -->
        <test-method is-config="true" signature="tearDown()[pri:0, instance:WebSites.Naukri@1349883]" started-at="2024-08-10T12:42:51 IST" name="tearDown" finished-at="2024-08-10T12:42:52 IST" duration-ms="1009" status="PASS">
          <reporter-output>
          </reporter-output>
        </test-method> <!-- tearDown -->
      </class> <!-- WebSites.Naukri -->
    </test> <!-- Default test -->
  </suite> <!-- Default suite -->
</testng-results>
